
Showing logs for build [32mmeta-cb-kubecd-environment-pr-5-xrzs4-1[0m stage [32mmeta-pipeline[0m and container [32mstep-credential-initializer-q6tjf[0m
{"level":"warn","ts":1568057340.9554322,"logger":"fallback-logger","caller":"logging/config.go:69","msg":"Fetch GitHub commit ID from kodata failed: \"ref: refs/heads/master\" is not a valid GitHub commit ID"}
{"level":"info","ts":1568057340.9560459,"logger":"fallback-logger","caller":"creds-init/main.go:40","msg":"Credentials initialized."}

Showing logs for build [32mmeta-cb-kubecd-environment-pr-5-xrzs4-1[0m stage [32mmeta-pipeline[0m and container [32mstep-working-dir-initializer-mq6nj[0m
{"level":"warn","ts":1568057345.514351,"logger":"fallback-logger","caller":"logging/config.go:69","msg":"Fetch GitHub commit ID from kodata failed: open /var/run/ko/HEAD: no such file or directory"}
{"level":"info","ts":1568057345.51584,"logger":"fallback-logger","caller":"bash/main.go:65","msg":"Successfully executed command \"mkdir -p /workspace/source\""}

Showing logs for build [32mmeta-cb-kubecd-environment-pr-5-xrzs4-1[0m stage [32mmeta-pipeline[0m and container [32mstep-place-tools[0m

Showing logs for build [32mmeta-cb-kubecd-environment-pr-5-xrzs4-1[0m stage [32mmeta-pipeline[0m and container [32mstep-git-source-meta-cb-kubecd-environment-pr-5-6l8wd[0m
{"level":"warn","ts":1568057506.1408412,"logger":"fallback-logger","caller":"logging/config.go:69","msg":"Fetch GitHub commit ID from kodata failed: \"ref: refs/heads/master\" is not a valid GitHub commit ID"}
{"level":"error","ts":1568057506.5573788,"logger":"fallback-logger","caller":"git/git.go:35","msg":"Error running git [fetch --depth=1 --recurse-submodules=yes origin 32acb6cf88dc1a4ee00375c3291443f04fc81931]: exit status 128\nerror: Server does not allow request for unadvertised object 32acb6cf88dc1a4ee00375c3291443f04fc81931\n","stacktrace":"github.com/tektoncd/pipeline/pkg/git.run\n\t/workspace/go/src/github.com/tektoncd/pipeline/pkg/git/git.go:35\ngithub.com/tektoncd/pipeline/pkg/git.Fetch\n\t/workspace/go/src/github.com/tektoncd/pipeline/pkg/git/git.go:88\nmain.main\n\t/workspace/go/src/github.com/tektoncd/pipeline/cmd/git-init/main.go:36\nruntime.main\n\t/usr/local/go/src/runtime/proc.go:200"}
{"level":"error","ts":1568057507.3332264,"logger":"fallback-logger","caller":"git/git.go:35","msg":"Error running git [pull --recurse-submodules=yes origin]: exit status 1\nFrom https://github.com/cb-kubecd/environment-pr-5390-19-tekton-gkebdd-staging\n * [new branch]      gh-pages   -> origin/gh-pages\n * [new branch]      master     -> origin/master\nYou asked to pull from the remote 'origin', but did not specify\na branch. Because this is not the default configured remote\nfor your current branch, you must specify a branch on the command line.\n","stacktrace":"github.com/tektoncd/pipeline/pkg/git.run\n\t/workspace/go/src/github.com/tektoncd/pipeline/pkg/git/git.go:35\ngithub.com/tektoncd/pipeline/pkg/git.Fetch\n\t/workspace/go/src/github.com/tektoncd/pipeline/pkg/git/git.go:91\nmain.main\n\t/workspace/go/src/github.com/tektoncd/pipeline/cmd/git-init/main.go:36\nruntime.main\n\t/usr/local/go/src/runtime/proc.go:200"}
{"level":"warn","ts":1568057507.333335,"logger":"fallback-logger","caller":"git/git.go:92","msg":"Failed to pull origin : exit status 1"}
{"level":"info","ts":1568057507.3370402,"logger":"fallback-logger","caller":"git/git.go:102","msg":"Successfully cloned https://github.com/cb-kubecd/environment-pr-5390-19-tekton-gkebdd-staging.git @ 32acb6cf88dc1a4ee00375c3291443f04fc81931 in path /workspace/source"}

Showing logs for build [32mmeta-cb-kubecd-environment-pr-5-xrzs4-1[0m stage [32mmeta-pipeline[0m and container [32mstep-git-merge[0m
Using SHAs from PULL_REFS=master:32acb6cf88dc1a4ee00375c3291443f04fc81931,2:0a6dd4a7f2582713601455de4c4d4a86ff1c190f
DEBUG: ran git fetch origin 0a6dd4a7f2582713601455de4c4d4a86ff1c190f: 32acb6cf88dc1a4ee00375c3291443f04fc81931: in 
DEBUG: Unshallowed git repo in 
DEBUG: ran git checkout master in 
DEBUG: ran git reset --hard 32acb6cf88dc1a4ee00375c3291443f04fc81931 in 
DEBUG: ran clean --force -d . in 
DEBUG: ran git merge 0a6dd4a7f2582713601455de4c4d4a86ff1c190f in 
Merged SHA 0a6dd4a7f2582713601455de4c4d4a86ff1c190f with commit message 'chore: Promote bdd-gh-1568057137 to version 0.0.1' into base branch master

Showing logs for build [32mmeta-cb-kubecd-environment-pr-5-xrzs4-1[0m stage [32mmeta-pipeline[0m and container [32mstep-merge-pull-refs[0m
DEBUG: ran git fetch origin 0a6dd4a7f2582713601455de4c4d4a86ff1c190f: 32acb6cf88dc1a4ee00375c3291443f04fc81931: in 
DEBUG: Unshallowed git repo in 
DEBUG: ran git checkout master in 
DEBUG: ran git reset --hard 32acb6cf88dc1a4ee00375c3291443f04fc81931 in 
DEBUG: ran clean --force -d . in 
DEBUG: ran git merge 0a6dd4a7f2582713601455de4c4d4a86ff1c190f in 
Merged SHA 0a6dd4a7f2582713601455de4c4d4a86ff1c190f with commit message 'chore: Promote bdd-gh-1568057137 to version 0.0.1' into base branch master

Showing logs for build [32mmeta-cb-kubecd-environment-pr-5-xrzs4-1[0m stage [32mmeta-pipeline[0m and container [32mstep-create-effective-pipeline[0m
Deleting and cloning the Jenkins X versions repo
Cloning the Jenkins X versions repo https://github.com/jenkins-x/jenkins-x-versions.git with ref refs/heads/master to /builder/home/.**/jenkins-x-versions
selected pack: /builder/home/.**/draft/packs/github.com/jenkins-x-buildpacks/jenkins-x-kubernetes/packs/environment
Effective pipeline written to jenkins-x-promotion-build-effective.yml

Showing logs for build [32mmeta-cb-kubecd-environment-pr-5-xrzs4-1[0m stage [32mmeta-pipeline[0m and container [32mstep-create-tekton-crds[0m
PipelineActivity for cb-kubecd-environment-pr-5390-19-tekton-gkebdd-staging-PR-2-1
Applying changes 
upserted PipelineResource cb-kubecd-environment-pr-5390-1 for the git repository https://github.com/cb-kubecd/environment-pr-5390-19-tekton-gkebdd-staging.git
upserted Task cb-kubecd-environment-pr-5390-1-pcm4n-from-build-pack-1
upserted Pipeline cb-kubecd-environment-pr-5390-1-pcm4n-1
created PipelineRun cb-kubecd-environment-pr-5390-1-pcm4n-1
created PipelineStructure cb-kubecd-environment-pr-5390-1-pcm4n-1

waiting for stage [32mfrom-build-pack[0m : container [32mstep-credential-initializer-wrxjs[0m to start...


Showing logs for build [32mmeta-cb-kubecd-environment-pr-5-xrzs4-1[0m stage [32mfrom-build-pack[0m and container [32mstep-credential-initializer-wrxjs[0m
{"level":"warn","ts":1568057523.8882706,"logger":"fallback-logger","caller":"logging/config.go:69","msg":"Fetch GitHub commit ID from kodata failed: \"ref: refs/heads/master\" is not a valid GitHub commit ID"}
{"level":"info","ts":1568057523.8903432,"logger":"fallback-logger","caller":"creds-init/main.go:40","msg":"Credentials initialized."}

waiting for stage [32mfrom-build-pack[0m : container [32mstep-working-dir-initializer-x742g[0m to start...


Showing logs for build [32mmeta-cb-kubecd-environment-pr-5-xrzs4-1[0m stage [32mfrom-build-pack[0m and container [32mstep-working-dir-initializer-x742g[0m
{"level":"warn","ts":1568057524.8660538,"logger":"fallback-logger","caller":"logging/config.go:69","msg":"Fetch GitHub commit ID from kodata failed: open /var/run/ko/HEAD: no such file or directory"}
{"level":"info","ts":1568057524.962051,"logger":"fallback-logger","caller":"bash/main.go:65","msg":"Successfully executed command \"mkdir -p /workspace/source /workspace/source/env\""}

waiting for stage [32mfrom-build-pack[0m : container [32mstep-place-tools[0m to start...


Showing logs for build [32mmeta-cb-kubecd-environment-pr-5-xrzs4-1[0m stage [32mfrom-build-pack[0m and container [32mstep-place-tools[0m

waiting for stage [32mfrom-build-pack[0m : container [32mstep-git-source-cb-kubecd-environment-pr-5390-1-lkfpw[0m to start...


Showing logs for build [32mmeta-cb-kubecd-environment-pr-5-xrzs4-1[0m stage [32mfrom-build-pack[0m and container [32mstep-git-source-cb-kubecd-environment-pr-5390-1-lkfpw[0m
{"level":"warn","ts":1568057655.9524443,"logger":"fallback-logger","caller":"logging/config.go:69","msg":"Fetch GitHub commit ID from kodata failed: \"ref: refs/heads/master\" is not a valid GitHub commit ID"}
{"level":"info","ts":1568057657.895562,"logger":"fallback-logger","caller":"git/git.go:102","msg":"Successfully cloned https://github.com/cb-kubecd/environment-pr-5390-19-tekton-gkebdd-staging.git @ master in path /workspace/source"}

waiting for stage [32mfrom-build-pack[0m : container [32mstep-git-merge[0m to start...


Showing logs for build [32mmeta-cb-kubecd-environment-pr-5-xrzs4-1[0m stage [32mfrom-build-pack[0m and container [32mstep-git-merge[0m
Using SHAs from PULL_REFS=master:32acb6cf88dc1a4ee00375c3291443f04fc81931,2:0a6dd4a7f2582713601455de4c4d4a86ff1c190f
DEBUG: ran git fetch origin 0a6dd4a7f2582713601455de4c4d4a86ff1c190f: 32acb6cf88dc1a4ee00375c3291443f04fc81931: in 
DEBUG: Unshallowed git repo in 
DEBUG: ran git checkout master in 
DEBUG: ran git reset --hard 32acb6cf88dc1a4ee00375c3291443f04fc81931 in 
DEBUG: ran clean --force -d . in 
DEBUG: ran git merge 0a6dd4a7f2582713601455de4c4d4a86ff1c190f in 
Merged SHA 0a6dd4a7f2582713601455de4c4d4a86ff1c190f with commit message 'chore: Promote bdd-gh-1568057137 to version 0.0.1' into base branch master

waiting for stage [32mfrom-build-pack[0m : container [32mstep-build-helm-build[0m to start...


Showing logs for build [32mmeta-cb-kubecd-environment-pr-5-xrzs4-1[0m stage [32mfrom-build-pack[0m and container [32mstep-build-helm-build[0m
WARNING: No $CHART_REPOSITORY defined so using the default value of: http://jenkins-x-chartmuseum:8080
Adding missing Helm repo: storage.googleapis.com https://storage.googleapis.com/chartmuseum.jenkins-x.io
Successfully added Helm repository storage.googleapis.com.
Adding missing Helm repo: jenkins-x-chartmuseum http://jenkins-x-chartmuseum:8080
Successfully added Helm repository jenkins-x-chartmuseum.
WARNING: No $CHART_REPOSITORY defined so using the default value of: http://jenkins-x-chartmuseum:8080
Adding missing Helm repo: chartmuseum.jenkins-x.io http://chartmuseum.jenkins-x.io
Successfully added Helm repository chartmuseum.jenkins-x.io.
