
Showing logs for build [32mmeta-cb-kubecd-environment-pr-5-42dpp-1[0m stage [32mmeta-pipeline[0m and container [32mstep-credential-initializer-vhr6d[0m
{"level":"warn","ts":1568058066.76546,"logger":"fallback-logger","caller":"logging/config.go:69","msg":"Fetch GitHub commit ID from kodata failed: \"ref: refs/heads/master\" is not a valid GitHub commit ID"}
{"level":"info","ts":1568058066.7661996,"logger":"fallback-logger","caller":"creds-init/main.go:40","msg":"Credentials initialized."}

Showing logs for build [32mmeta-cb-kubecd-environment-pr-5-42dpp-1[0m stage [32mmeta-pipeline[0m and container [32mstep-working-dir-initializer-vpbtw[0m
{"level":"warn","ts":1568058067.6918702,"logger":"fallback-logger","caller":"logging/config.go:69","msg":"Fetch GitHub commit ID from kodata failed: open /var/run/ko/HEAD: no such file or directory"}
{"level":"info","ts":1568058067.6932766,"logger":"fallback-logger","caller":"bash/main.go:65","msg":"Successfully executed command \"mkdir -p /workspace/source\""}

Showing logs for build [32mmeta-cb-kubecd-environment-pr-5-42dpp-1[0m stage [32mmeta-pipeline[0m and container [32mstep-place-tools[0m

Showing logs for build [32mmeta-cb-kubecd-environment-pr-5-42dpp-1[0m stage [32mmeta-pipeline[0m and container [32mstep-git-source-meta-cb-kubecd-environment-pr-5-qqrwz[0m
{"level":"warn","ts":1568058072.8628042,"logger":"fallback-logger","caller":"logging/config.go:69","msg":"Fetch GitHub commit ID from kodata failed: \"ref: refs/heads/master\" is not a valid GitHub commit ID"}
{"level":"info","ts":1568058073.9270093,"logger":"fallback-logger","caller":"git/git.go:102","msg":"Successfully cloned https://github.com/cb-kubecd/environment-pr-5390-19-tekton-gkebdd-staging.git @ 02066ef5375dae1665c9a796267882df64aaaa21 in path /workspace/source"}

Showing logs for build [32mmeta-cb-kubecd-environment-pr-5-42dpp-1[0m stage [32mmeta-pipeline[0m and container [32mstep-git-merge[0m
Using SHAs from PULL_REFS=master:02066ef5375dae1665c9a796267882df64aaaa21,3:14c66dc22c9480fb88ac43dc7aa06106112026a7
DEBUG: ran git fetch --unshallow origin 14c66dc22c9480fb88ac43dc7aa06106112026a7: 02066ef5375dae1665c9a796267882df64aaaa21: in 
DEBUG: ran git checkout master in 
DEBUG: ran git reset --hard 02066ef5375dae1665c9a796267882df64aaaa21 in 
DEBUG: ran clean --force -d . in 
DEBUG: ran git merge 14c66dc22c9480fb88ac43dc7aa06106112026a7 in 
Merged SHA 14c66dc22c9480fb88ac43dc7aa06106112026a7 with commit message 'chore: Promote bdd-ghf**y-import-1568057943 to version 0.0.1' into base branch master

Showing logs for build [32mmeta-cb-kubecd-environment-pr-5-42dpp-1[0m stage [32mmeta-pipeline[0m and container [32mstep-merge-pull-refs[0m
DEBUG: ran git fetch origin 14c66dc22c9480fb88ac43dc7aa06106112026a7: 02066ef5375dae1665c9a796267882df64aaaa21: in 
DEBUG: Unshallowed git repo in 
DEBUG: ran git checkout master in 
DEBUG: ran git reset --hard 02066ef5375dae1665c9a796267882df64aaaa21 in 
DEBUG: ran clean --force -d . in 
DEBUG: ran git merge 14c66dc22c9480fb88ac43dc7aa06106112026a7 in 
Merged SHA 14c66dc22c9480fb88ac43dc7aa06106112026a7 with commit message 'chore: Promote bdd-ghf**y-import-1568057943 to version 0.0.1' into base branch master

Showing logs for build [32mmeta-cb-kubecd-environment-pr-5-42dpp-1[0m stage [32mmeta-pipeline[0m and container [32mstep-create-effective-pipeline[0m
Deleting and cloning the Jenkins X versions repo
Cloning the Jenkins X versions repo https://github.com/jenkins-x/jenkins-x-versions.git with ref refs/heads/master to /builder/home/.**/jenkins-x-versions
selected pack: /builder/home/.**/draft/packs/github.com/jenkins-x-buildpacks/jenkins-x-kubernetes/packs/environment
Effective pipeline written to jenkins-x-promotion-build-effective.yml

Showing logs for build [32mmeta-cb-kubecd-environment-pr-5-42dpp-1[0m stage [32mmeta-pipeline[0m and container [32mstep-create-tekton-crds[0m
PipelineActivity for cb-kubecd-environment-pr-5390-19-tekton-gkebdd-staging-PR-3-1
Applying changes 
upserted PipelineResource cb-kubecd-environment-pr-5390-1 for the git repository https://github.com/cb-kubecd/environment-pr-5390-19-tekton-gkebdd-staging.git
upserted Task cb-kubecd-environment-pr-5390-1-pggnd-from-build-pack-1
upserted Pipeline cb-kubecd-environment-pr-5390-1-pggnd-1
created PipelineRun cb-kubecd-environment-pr-5390-1-pggnd-1
created PipelineStructure cb-kubecd-environment-pr-5390-1-pggnd-1

Showing logs for build [32mmeta-cb-kubecd-environment-pr-5-42dpp-1[0m stage [32mfrom-build-pack[0m and container [32mstep-credential-initializer-d2mf9[0m
{"level":"warn","ts":1568058087.3575587,"logger":"fallback-logger","caller":"logging/config.go:69","msg":"Fetch GitHub commit ID from kodata failed: \"ref: refs/heads/master\" is not a valid GitHub commit ID"}
{"level":"info","ts":1568058087.3583484,"logger":"fallback-logger","caller":"creds-init/main.go:40","msg":"Credentials initialized."}

Showing logs for build [32mmeta-cb-kubecd-environment-pr-5-42dpp-1[0m stage [32mfrom-build-pack[0m and container [32mstep-working-dir-initializer-qz88n[0m
{"level":"warn","ts":1568058088.320298,"logger":"fallback-logger","caller":"logging/config.go:69","msg":"Fetch GitHub commit ID from kodata failed: open /var/run/ko/HEAD: no such file or directory"}
{"level":"info","ts":1568058088.3220675,"logger":"fallback-logger","caller":"bash/main.go:65","msg":"Successfully executed command \"mkdir -p /workspace/source /workspace/source/env\""}

Showing logs for build [32mmeta-cb-kubecd-environment-pr-5-42dpp-1[0m stage [32mfrom-build-pack[0m and container [32mstep-place-tools[0m

Showing logs for build [32mmeta-cb-kubecd-environment-pr-5-42dpp-1[0m stage [32mfrom-build-pack[0m and container [32mstep-git-source-cb-kubecd-environment-pr-5390-1-9xlm8[0m
{"level":"warn","ts":1568058092.4394314,"logger":"fallback-logger","caller":"logging/config.go:69","msg":"Fetch GitHub commit ID from kodata failed: \"ref: refs/heads/master\" is not a valid GitHub commit ID"}
{"level":"info","ts":1568058093.5076656,"logger":"fallback-logger","caller":"git/git.go:102","msg":"Successfully cloned https://github.com/cb-kubecd/environment-pr-5390-19-tekton-gkebdd-staging.git @ master in path /workspace/source"}

Showing logs for build [32mmeta-cb-kubecd-environment-pr-5-42dpp-1[0m stage [32mfrom-build-pack[0m and container [32mstep-git-merge[0m
Using SHAs from PULL_REFS=master:02066ef5375dae1665c9a796267882df64aaaa21,3:14c66dc22c9480fb88ac43dc7aa06106112026a7
DEBUG: ran git fetch --unshallow origin 14c66dc22c9480fb88ac43dc7aa06106112026a7: 02066ef5375dae1665c9a796267882df64aaaa21: in 
DEBUG: ran git checkout master in 
DEBUG: ran git reset --hard 02066ef5375dae1665c9a796267882df64aaaa21 in 
DEBUG: ran clean --force -d . in 
DEBUG: ran git merge 14c66dc22c9480fb88ac43dc7aa06106112026a7 in 
Merged SHA 14c66dc22c9480fb88ac43dc7aa06106112026a7 with commit message 'chore: Promote bdd-ghf**y-import-1568057943 to version 0.0.1' into base branch master

Showing logs for build [32mmeta-cb-kubecd-environment-pr-5-42dpp-1[0m stage [32mfrom-build-pack[0m and container [32mstep-build-helm-build[0m
WARNING: No $CHART_REPOSITORY defined so using the default value of: http://jenkins-x-chartmuseum:8080
Adding missing Helm repo: storage.googleapis.com https://storage.googleapis.com/chartmuseum.jenkins-x.io
Successfully added Helm repository storage.googleapis.com.
Adding missing Helm repo: jenkins-x-chartmuseum http://jenkins-x-chartmuseum:8080
Successfully added Helm repository jenkins-x-chartmuseum.
WARNING: No $CHART_REPOSITORY defined so using the default value of: http://jenkins-x-chartmuseum:8080
Adding missing Helm repo: chartmuseum.jenkins-x.io http://chartmuseum.jenkins-x.io
Successfully added Helm repository chartmuseum.jenkins-x.io.
